<?xml version="1.0" ?>
<coverage branch-rate="0.8333" line-rate="0.7849" timestamp="1440415652259" version="4.0b1">
	<!-- Generated by coverage.py: https://coverage.readthedocs.org/en/coverage-4.0b1 -->
	<!-- Based on https://raw.githubusercontent.com/cobertura/web/f0366e5e2cf18f111cbd61fc34ef720a6584ba02/htdocs/xml/coverage-03.dtd -->
	<sources>
		<source>/Users/alex/PycharmProjects/wristband</source>
	</sources>
	<packages>
		<package branch-rate="1" complexity="0" line-rate="1" name="wristband">
			<classes>
				<class branch-rate="1" complexity="0" filename="wristband/__init__.py" line-rate="1" name="__init__.py">
					<methods/>
					<lines>
						<line hits="1" number="2"/>
						<line hits="1" number="3"/>
					</lines>
				</class>
			</classes>
		</package>
		<package branch-rate="0.9" complexity="0" line-rate="0.7" name="wristband.apps">
			<classes>
				<class branch-rate="1" complexity="0" filename="wristband/apps/__init__.py" line-rate="1" name="__init__.py">
					<methods/>
					<lines/>
				</class>
				<class branch-rate="0.9" complexity="0" filename="wristband/apps/providers.py" line-rate="0.9032" name="providers.py">
					<methods/>
					<lines>
						<line hits="1" number="1"/>
						<line hits="1" number="2"/>
						<line hits="1" number="4"/>
						<line hits="1" number="6"/>
						<line hits="1" number="9"/>
						<line hits="1" number="10"/>
						<line hits="0" number="11"/>
						<line hits="0" number="12"/>
						<line hits="0" number="13"/>
						<line hits="1" number="15"/>
						<line hits="1" number="17"/>
						<line hits="1" number="20"/>
						<line hits="1" number="21"/>
						<line hits="1" number="25"/>
						<line hits="1" number="31"/>
						<line hits="1" number="32"/>
						<line hits="1" number="71"/>
						<line branch="true" condition-coverage="100% (2/2)" hits="1" number="72"/>
						<line hits="1" number="73"/>
						<line branch="true" condition-coverage="100% (2/2)" hits="1" number="74"/>
						<line hits="1" number="75"/>
						<line hits="1" number="76"/>
						<line branch="true" condition-coverage="100% (2/2)" hits="1" number="77"/>
						<line branch="true" condition-coverage="50% (1/2)" hits="1" missing-branches="exit" number="84"/>
						<line hits="1" number="85"/>
						<line branch="true" condition-coverage="100% (2/2)" hits="1" number="86"/>
						<line hits="1" number="88"/>
						<line hits="1" number="95"/>
						<line hits="1" number="102"/>
						<line hits="1" number="103"/>
						<line hits="1" number="104"/>
					</lines>
				</class>
				<class branch-rate="1" complexity="0" filename="wristband/apps/views.py" line-rate="0" name="views.py">
					<methods/>
					<lines>
						<line hits="0" number="1"/>
						<line hits="0" number="3"/>
						<line hits="0" number="4"/>
						<line hits="0" number="7"/>
						<line hits="0" number="8"/>
						<line hits="0" number="9"/>
						<line hits="0" number="12"/>
						<line hits="0" number="13"/>
						<line hits="0" number="14"/>
					</lines>
				</class>
			</classes>
		</package>
		<package branch-rate="0.75" complexity="0" line-rate="1" name="wristband.common">
			<classes>
				<class branch-rate="1" complexity="0" filename="wristband/common/__init__.py" line-rate="1" name="__init__.py">
					<methods/>
					<lines/>
				</class>
				<class branch-rate="1" complexity="0" filename="wristband/common/mixins.py" line-rate="1" name="mixins.py">
					<methods/>
					<lines>
						<line hits="1" number="1"/>
						<line hits="1" number="2"/>
						<line hits="1" number="3"/>
						<line branch="true" condition-coverage="100% (2/2)" hits="1" number="4"/>
						<line hits="1" number="5"/>
						<line hits="1" number="6"/>
					</lines>
				</class>
				<class branch-rate="1" complexity="0" filename="wristband/common/providers.py" line-rate="1" name="providers.py">
					<methods/>
					<lines>
						<line hits="1" number="1"/>
						<line hits="1" number="3"/>
						<line hits="1" number="7"/>
						<line hits="1" number="8"/>
						<line hits="1" number="9"/>
						<line hits="1" number="11"/>
						<line hits="1" number="14"/>
						<line hits="1" number="20"/>
						<line hits="1" number="27"/>
					</lines>
				</class>
				<class branch-rate="1" complexity="0" filename="wristband/common/utils.py" line-rate="1" name="utils.py">
					<methods/>
					<lines>
						<line hits="1" number="1"/>
						<line hits="1" number="2"/>
					</lines>
				</class>
				<class branch-rate="0.6667" complexity="0" filename="wristband/common/viewsets.py" line-rate="1" name="viewsets.py">
					<methods/>
					<lines>
						<line hits="1" number="1"/>
						<line hits="1" number="2"/>
						<line hits="1" number="3"/>
						<line hits="1" number="6"/>
						<line hits="1" number="10"/>
						<line hits="1" number="11"/>
						<line hits="1" number="13"/>
						<line hits="1" number="14"/>
						<line branch="true" condition-coverage="50% (1/2)" hits="1" missing-branches="exit" number="15"/>
						<line hits="1" number="16"/>
						<line hits="1" number="18"/>
						<line hits="1" number="19"/>
						<line branch="true" condition-coverage="100% (2/2)" hits="1" number="20"/>
						<line hits="1" number="21"/>
						<line branch="true" condition-coverage="50% (1/2)" hits="1" missing-branches="exit" number="22"/>
						<line hits="1" number="23"/>
						<line hits="1" number="25"/>
						<line hits="1" number="27"/>
						<line hits="1" number="28"/>
						<line hits="1" number="30"/>
						<line hits="1" number="31"/>
					</lines>
				</class>
			</classes>
		</package>
		<package branch-rate="1" complexity="0" line-rate="0.3846" name="wristband.stages">
			<classes>
				<class branch-rate="1" complexity="0" filename="wristband/stages/__init__.py" line-rate="1" name="__init__.py">
					<methods/>
					<lines/>
				</class>
				<class branch-rate="1" complexity="0" filename="wristband/stages/providers.py" line-rate="0.7143" name="providers.py">
					<methods/>
					<lines>
						<line hits="1" number="1"/>
						<line hits="1" number="3"/>
						<line hits="1" number="6"/>
						<line hits="1" number="13"/>
						<line hits="0" number="14"/>
						<line hits="1" number="16"/>
						<line hits="0" number="17"/>
					</lines>
				</class>
				<class branch-rate="1" complexity="0" filename="wristband/stages/views.py" line-rate="0" name="views.py">
					<methods/>
					<lines>
						<line hits="0" number="1"/>
						<line hits="0" number="3"/>
						<line hits="0" number="4"/>
						<line hits="0" number="7"/>
						<line hits="0" number="8"/>
						<line hits="0" number="9"/>
					</lines>
				</class>
			</classes>
		</package>
	</packages>
</coverage>
